This is e-pTeX, Version 3.14159265-p3.6-141210-2.6 (utf8.euc) (TeX Live 2015/Debian) (preloaded format=platex 2016.8.18)  22 AUG 2016 23:17
entering extended mode
 restricted \write18 enabled.
 %&-line parsing enabled.
**data.tex
(./data.tex
pLaTeX2e <2006/11/10> (based on LaTeX2e <2016/02/01> patch level 0)
Babel <3.9n> and hyphenation patterns for 11 languages loaded.
(/usr/share/texlive/texmf-dist/tex/platex/jsclasses/jsarticle.cls
Document Class: jsarticle 2014/02/07 okumura
LaTeX Info: Redefining \rmfamily on input line 352.
LaTeX Info: Redefining \sffamily on input line 355.
LaTeX Info: Redefining \ttfamily on input line 358.
\symmincho=\mathgroup4
LaTeX Font Info:    Overwriting symbol font `mincho' in version `bold'
(Font)                  JY1/mc/m/n --> JY1/gt/m/n on input line 423.
LaTeX Font Info:    Font shape `JT1/mc/m/n' will be
(Font)              scaled to size 9.60999pt on input line 613.
LaTeX Font Info:    Font shape `JY1/mc/m/n' will be
(Font)              scaled to size 9.60999pt on input line 613.
\fullwidth=\dimen118
LaTeX Font Info:    Font shape `JT1/mc/m/n' will be
(Font)              scaled to size 7.68799pt on input line 760.
LaTeX Font Info:    Font shape `JY1/mc/m/n' will be
(Font)              scaled to size 7.68799pt on input line 760.
\c@part=\count81
\c@section=\count82
\c@subsection=\count83
\c@subsubsection=\count84
\c@paragraph=\count85
\c@subparagraph=\count86
\@abstractbox=\box41
\c@figure=\count87
\c@table=\count88
\abovecaptionskip=\skip41
\belowcaptionskip=\skip42
\js@tocl@width=\dimen119
\@lnumwidth=\dimen120
\bibindent=\dimen121
LaTeX Info: Redefining \TeX on input line 1731.
LaTeX Info: Redefining \LaTeX on input line 1757.
LaTeX Info: Redefining \LaTeXe on input line 1782.
\heisei=\count89
) (/usr/share/texlive/texmf-dist/tex/latex/amsmath/amsmath.sty
Package: amsmath 2016/03/03 v2.15a AMS math features
\@mathmargin=\skip43

For additional information on amsmath, use the `?' option.
(/usr/share/texlive/texmf-dist/tex/latex/amsmath/amstext.sty
Package: amstext 2000/06/29 v2.01 AMS text

(/usr/share/texlive/texmf-dist/tex/latex/amsmath/amsgen.sty
File: amsgen.sty 1999/11/30 v2.0 generic functions
\@emptytoks=\toks15
\ex@=\dimen122
))
(/usr/share/texlive/texmf-dist/tex/latex/amsmath/amsbsy.sty
Package: amsbsy 1999/11/29 v1.2d Bold Symbols
\pmbraise@=\dimen123
)
(/usr/share/texlive/texmf-dist/tex/latex/amsmath/amsopn.sty
Package: amsopn 1999/12/14 v2.01 operator names
)
\inf@bad=\count90
LaTeX Info: Redefining \frac on input line 199.
\uproot@=\count91
\leftroot@=\count92
LaTeX Info: Redefining \overline on input line 297.
\classnum@=\count93
\DOTSCASE@=\count94
LaTeX Info: Redefining \ldots on input line 394.
LaTeX Info: Redefining \dots on input line 397.
LaTeX Info: Redefining \cdots on input line 518.
\Mathstrutbox@=\box42
\strutbox@=\box43
\big@size=\dimen124
LaTeX Font Info:    Redeclaring font encoding OML on input line 630.
LaTeX Font Info:    Redeclaring font encoding OMS on input line 631.
\macc@depth=\count95
\c@MaxMatrixCols=\count96
\dotsspace@=\muskip10
\c@parentequation=\count97
\dspbrk@lvl=\count98
\tag@help=\toks16
\row@=\count99
\column@=\count100
\maxfields@=\count101
\andhelp@=\toks17
\eqnshift@=\dimen125
\alignsep@=\dimen126
\tagshift@=\dimen127
\tagwidth@=\dimen128
\totwidth@=\dimen129
\lineht@=\dimen130
\@envbody=\toks18
\multlinegap=\skip44
\multlinetaggap=\skip45
\mathdisplay@stack=\toks19
LaTeX Info: Redefining \[ on input line 2735.
LaTeX Info: Redefining \] on input line 2736.
)
(/usr/share/texlive/texmf-dist/tex/latex/amsfonts/amssymb.sty
Package: amssymb 2013/01/14 v3.01 AMS font symbols

(/usr/share/texlive/texmf-dist/tex/latex/amsfonts/amsfonts.sty
Package: amsfonts 2013/01/14 v3.01 Basic AMSFonts support
\symAMSa=\mathgroup5
\symAMSb=\mathgroup6
LaTeX Font Info:    Overwriting math alphabet `\mathfrak' in version `bold'
(Font)                  U/euf/m/n --> U/euf/b/n on input line 106.
))
(/usr/share/texlive/texmf-dist/tex/latex/graphics/graphicx.sty
Package: graphicx 2014/10/28 v1.0g Enhanced LaTeX Graphics (DPC,SPQR)

(/usr/share/texlive/texmf-dist/tex/latex/graphics/keyval.sty
Package: keyval 2014/10/28 v1.15 key=value parser (DPC)
\KV@toks@=\toks20
)
(/usr/share/texlive/texmf-dist/tex/latex/graphics/graphics.sty
Package: graphics 2016/01/03 v1.0q Standard LaTeX Graphics (DPC,SPQR)

(/usr/share/texlive/texmf-dist/tex/latex/graphics/trig.sty
Package: trig 2016/01/03 v1.10 sin cos tan (DPC)
)
(/usr/share/texlive/texmf-dist/tex/latex/latexconfig/graphics.cfg
File: graphics.cfg 2010/04/23 v1.9 graphics configuration of TeX Live
)
Package graphics Info: Driver file: dvips.def on input line 95.

(/usr/share/texlive/texmf-dist/tex/latex/graphics/dvips.def
File: dvips.def 2015/12/30 v3.0k Driver-dependent file (DPC,SPQR)
))
\Gin@req@height=\dimen131
\Gin@req@width=\dimen132
)
(/usr/share/texlive/texmf-dist/tex/latex/overpic/overpic.sty
Package: overpic 2010/09/13 v0.53  Overwriting graphics

Package: overpic v0.53 <2010/09/13> (RN)
(/usr/share/texlive/texmf-dist/tex/latex/eepic/epic.sty
Enhancements to Picture Environment. Version 1.2 - Released June 1, 1986
\@@multicnt=\count102
\d@lta=\count103
\@delta=\dimen133
\@@delta=\dimen134
\@gridcnt=\count104
\@joinkind=\count105
\@dotgap=\dimen135
\@ddotgap=\dimen136
\@x@diff=\count106
\@y@diff=\count107
\x@diff=\dimen137
\y@diff=\dimen138
\@dotbox=\box44
\num@segments=\count108
\num@segmentsi=\count109
\@datafile=\read1
)
overpic: relative positioning in percent
) (/usr/share/texlive/texmf-dist/tex/latex/tools/bm.sty
Package: bm 2014/10/28 v1.1c Bold Symbol Support (DPC/FMi)
\symboldoperators=\mathgroup7
\symboldletters=\mathgroup8
\symboldsymbols=\mathgroup9
\symboldmincho=\mathgroup10
LaTeX Font Info:    Redeclaring math alphabet \mathbf on input line 141.
LaTeX Info: Redefining \bm on input line 207.
)
(/usr/share/texlive/texmf-dist/tex/latex/fancyhdr/fancyhdr.sty
\fancy@headwidth=\skip46
\f@ncyO@elh=\skip47
\f@ncyO@erh=\skip48
\f@ncyO@olh=\skip49
\f@ncyO@orh=\skip50
\f@ncyO@elf=\skip51
\f@ncyO@erf=\skip52
\f@ncyO@olf=\skip53
\f@ncyO@orf=\skip54
)
(/usr/share/texlive/texmf-dist/tex/latex/cases/cases.sty
Package: cases 2002/05/02 ver 2.5 
) (./data.aux

LaTeX Warning: Label `fig:profile3' multiply defined.


LaTeX Warning: Label `fig:profile3' multiply defined.


LaTeX Warning: Label `fig:profile3' multiply defined.


LaTeX Warning: Label `fig:profile3' multiply defined.


LaTeX Warning: Label `fig:profile3' multiply defined.


LaTeX Warning: Label `fig:profile3' multiply defined.


LaTeX Warning: Label `fig:profile3' multiply defined.

)
\openout1 = `data.aux'.

LaTeX Font Info:    Checking defaults for OML/cmm/m/it on input line 14.
LaTeX Font Info:    ... okay on input line 14.
LaTeX Font Info:    Checking defaults for T1/cmr/m/n on input line 14.
LaTeX Font Info:    ... okay on input line 14.
LaTeX Font Info:    Checking defaults for OT1/cmr/m/n on input line 14.
LaTeX Font Info:    ... okay on input line 14.
LaTeX Font Info:    Checking defaults for OMS/cmsy/m/n on input line 14.
LaTeX Font Info:    ... okay on input line 14.
LaTeX Font Info:    Checking defaults for OMX/cmex/m/n on input line 14.
LaTeX Font Info:    ... okay on input line 14.
LaTeX Font Info:    Checking defaults for U/cmr/m/n on input line 14.
LaTeX Font Info:    ... okay on input line 14.
LaTeX Font Info:    Checking defaults for JY1/mc/m/n on input line 14.
LaTeX Font Info:    ... okay on input line 14.
LaTeX Font Info:    Checking defaults for JT1/mc/m/n on input line 14.
LaTeX Font Info:    ... okay on input line 14.
LaTeX Font Info:    Font shape `JY1/mc/m/n' will be
(Font)              scaled to size 6.72699pt on input line 18.
LaTeX Font Info:    Font shape `JY1/mc/m/n' will be
(Font)              scaled to size 4.805pt on input line 18.
LaTeX Font Info:    Try loading font information for U+msa on input line 18.
 (/usr/share/texlive/texmf-dist/tex/latex/amsfonts/umsa.fd
File: umsa.fd 2013/01/14 v3.01 AMS symbols A
)
LaTeX Font Info:    Try loading font information for U+msb on input line 18.

(/usr/share/texlive/texmf-dist/tex/latex/amsfonts/umsb.fd
File: umsb.fd 2013/01/14 v3.01 AMS symbols B
)
LaTeX Font Info:    Font shape `JY1/gt/m/n' will be
(Font)              scaled to size 9.60999pt on input line 18.
LaTeX Font Info:    Font shape `JY1/gt/m/n' will be
(Font)              scaled to size 6.72699pt on input line 18.
LaTeX Font Info:    Font shape `JY1/gt/m/n' will be
(Font)              scaled to size 4.805pt on input line 18.
File: /home/kasahara/study/scatterer/random/8.10/2011646/ClusterSize_2011646.ep
s Graphic file (type eps)

</home/kasahara/study/scatterer/random/8.10/2011646/ClusterSize_2011646.eps>
LaTeX Font Info:    Font shape `JT1/mc/m/n' will be
(Font)              scaled to size 11.53198pt on input line 22.
LaTeX Font Info:    Font shape `JY1/mc/m/n' will be
(Font)              scaled to size 11.53198pt on input line 22.
LaTeX Font Info:    Font shape `JY1/mc/m/n' will be
(Font)              scaled to size 5.76599pt on input line 22.
LaTeX Font Info:    Font shape `JY1/gt/m/n' will be
(Font)              scaled to size 11.53198pt on input line 22.
LaTeX Font Info:    Font shape `JY1/gt/m/n' will be
(Font)              scaled to size 7.68799pt on input line 22.
LaTeX Font Info:    Font shape `JY1/gt/m/n' will be
(Font)              scaled to size 5.76599pt on input line 22.
File: /home/kasahara/study/scatterer/random/8.10/2011647/ClusterSize_2011647.ep
s Graphic file (type eps)

</home/kasahara/study/scatterer/random/8.10/2011647/ClusterSize_2011647.eps>
File: /home/kasahara/study/scatterer/random/8.10/2011648/ClusterSize_2011648.ep
s Graphic file (type eps)

</home/kasahara/study/scatterer/random/8.10/2011648/ClusterSize_2011648.eps>
File: /home/kasahara/study/scatterer/random/8.10/2011649/ClusterSize_2011649.ep
s Graphic file (type eps)

</home/kasahara/study/scatterer/random/8.10/2011649/ClusterSize_2011649.eps>
LaTeX Font Info:    Font shape `JT1/mc/m/n' will be
(Font)              scaled to size 8.64899pt on input line 53.
LaTeX Font Info:    Font shape `JY1/mc/m/n' will be
(Font)              scaled to size 8.64899pt on input line 53.

[1]
File: /home/kasahara/study/scatterer/random/8.10/2011650/ClusterSize_2011650.ep
s Graphic file (type eps)

</home/kasahara/study/scatterer/random/8.10/2011650/ClusterSize_2011650.eps>
File: /home/kasahara/study/scatterer/random/8.10/2011651/ClusterSize_2011651.ep
s Graphic file (type eps)

</home/kasahara/study/scatterer/random/8.10/2011651/ClusterSize_2011651.eps>
File: /home/kasahara/study/scatterer/random/8.10/2011652/ClusterSize_2011652.ep
s Graphic file (type eps)

</home/kasahara/study/scatterer/random/8.10/2011652/ClusterSize_2011652.eps>
File: /home/kasahara/study/scatterer/random/8.10/2011653/ClusterSize_2011653.ep
s Graphic file (type eps)

</home/kasahara/study/scatterer/random/8.10/2011653/ClusterSize_2011653.eps>
[2]
File: /home/kasahara/study/scatterer/random/8.10/2011654/ClusterSize_2011654.ep
s Graphic file (type eps)

</home/kasahara/study/scatterer/random/8.10/2011654/ClusterSize_2011654.eps>
File: /home/kasahara/study/scatterer/random/8.10/2011655/ClusterSize_2011655.ep
s Graphic file (type eps)

</home/kasahara/study/scatterer/random/8.10/2011655/ClusterSize_2011655.eps>
File: /home/kasahara/study/scatterer/random/8.10/2011656/ClusterSize_2011656.ep
s Graphic file (type eps)

</home/kasahara/study/scatterer/random/8.10/2011656/ClusterSize_2011656.eps>
File: /home/kasahara/study/scatterer/random/8.10/2011657/ClusterSize_2011657.ep
s Graphic file (type eps)

</home/kasahara/study/scatterer/random/8.10/2011657/ClusterSize_2011657.eps>
[3]
File: /home/kasahara/study/scatterer/random/8.10/2011658/ClusterSize_2011658.ep
s Graphic file (type eps)

</home/kasahara/study/scatterer/random/8.10/2011658/ClusterSize_2011658.eps>
File: /home/kasahara/study/scatterer/random/8.10/2011659/ClusterSize_2011659.ep
s Graphic file (type eps)

</home/kasahara/study/scatterer/random/8.10/2011659/ClusterSize_2011659.eps>
File: /home/kasahara/study/scatterer/random/8.10/2011660/ClusterSize_2011660.ep
s Graphic file (type eps)

</home/kasahara/study/scatterer/random/8.10/2011660/ClusterSize_2011660.eps>
File: /home/kasahara/study/scatterer/random/8.10/2011661/ClusterSize_2011661.ep
s Graphic file (type eps)

</home/kasahara/study/scatterer/random/8.10/2011661/ClusterSize_2011661.eps>
[4]
File: /home/kasahara/study/scatterer/random/8.10/2011662/ClusterSize_2011662.ep
s Graphic file (type eps)

</home/kasahara/study/scatterer/random/8.10/2011662/ClusterSize_2011662.eps>
File: /home/kasahara/study/scatterer/random/8.10/2011663/ClusterSize_2011663.ep
s Graphic file (type eps)

</home/kasahara/study/scatterer/random/8.10/2011663/ClusterSize_2011663.eps>
File: /home/kasahara/study/scatterer/random/8.10/2011664/ClusterSize_2011664.ep
s Graphic file (type eps)

</home/kasahara/study/scatterer/random/8.10/2011664/ClusterSize_2011664.eps>
File: /home/kasahara/study/scatterer/random/8.10/2011665/ClusterSize_2011665.ep
s Graphic file (type eps)

</home/kasahara/study/scatterer/random/8.10/2011665/ClusterSize_2011665.eps>
[5]
File: /home/kasahara/study/scatterer/random/8.10/2011666/ClusterSize_2011666.ep
s Graphic file (type eps)

</home/kasahara/study/scatterer/random/8.10/2011666/ClusterSize_2011666.eps>
File: /home/kasahara/study/scatterer/random/8.10/2011667/ClusterSize_2011667.ep
s Graphic file (type eps)

</home/kasahara/study/scatterer/random/8.10/2011667/ClusterSize_2011667.eps>
File: /home/kasahara/study/scatterer/random/8.10/2011668/ClusterSize_2011668.ep
s Graphic file (type eps)

</home/kasahara/study/scatterer/random/8.10/2011668/ClusterSize_2011668.eps>
File: /home/kasahara/study/scatterer/random/8.10/2011669/ClusterSize_2011669.ep
s Graphic file (type eps)

</home/kasahara/study/scatterer/random/8.10/2011669/ClusterSize_2011669.eps>
[6]
File: /home/kasahara/study/scatterer/random/8.10/2011670/ClusterSize_2011670.ep
s Graphic file (type eps)

</home/kasahara/study/scatterer/random/8.10/2011670/ClusterSize_2011670.eps>
File: /home/kasahara/study/scatterer/random/8.10/2011671/ClusterSize_2011671.ep
s Graphic file (type eps)

</home/kasahara/study/scatterer/random/8.10/2011671/ClusterSize_2011671.eps>
File: /home/kasahara/study/scatterer/random/8.10/2011672/ClusterSize_2011672.ep
s Graphic file (type eps)

</home/kasahara/study/scatterer/random/8.10/2011672/ClusterSize_2011672.eps>
File: /home/kasahara/study/scatterer/random/8.10/2011673/ClusterSize_2011673.ep
s Graphic file (type eps)

</home/kasahara/study/scatterer/random/8.10/2011673/ClusterSize_2011673.eps>
[7]
File: /home/kasahara/study/scatterer/random/8.10/2011674/ClusterSize_2011674.ep
s Graphic file (type eps)

</home/kasahara/study/scatterer/random/8.10/2011674/ClusterSize_2011674.eps>
File: /home/kasahara/study/scatterer/random/8.10/2011675/ClusterSize_2011675.ep
s Graphic file (type eps)

</home/kasahara/study/scatterer/random/8.10/2011675/ClusterSize_2011675.eps>
File: /home/kasahara/study/scatterer/random/8.10/2011680/ClusterSize_2011680.ep
s Graphic file (type eps)

</home/kasahara/study/scatterer/random/8.10/2011680/ClusterSize_2011680.eps>
[8] (./data.aux)

LaTeX Warning: There were multiply-defined labels.

 ) 
Here is how much of TeX's memory you used:
 2089 strings out of 494865
 27147 string characters out of 6179769
 81255 words of memory out of 5000000
 5432 multiletter control sequences out of 15000+600000
 21632 words of font info for 93 fonts, out of 8000000 for 9000
 269 hyphenation exceptions out of 8191
 27i,14n,43p,307b,530s stack positions out of 5000i,500n,10000p,200000b,80000s

Output written on data.dvi (8 pages, 9084 bytes).
