

*******************************************************************************
Thu Aug 18 20:05:19 2016


FIT:    data read from "flux-porosity.dat" u 1:2
        format = x:z
        x range restricted to [0.400000 : 0.900000]
        #datapoints = 22
        residuals are weighted equally (unit weight)

function used for fitting: j(x)
fitted parameters initialized with current variable values



 Iteration 0
 WSSR        : 1.45358           delta(WSSR)/WSSR   : 0
 delta(WSSR) : 0                 limit for stopping : 1e-05
 lambda	  : 0.487204

initial set of free parameter values

e               = 1
g               = 1

After 6 iterations the fit converged.
final sum of squares of residuals : 0.0538117
rel. change during last iteration : -3.9956e-08

degrees of freedom    (FIT_NDF)                        : 20
rms of residuals      (FIT_STDFIT) = sqrt(WSSR/ndf)    : 0.0518708
variance of residuals (reduced chisquare) = WSSR/ndf   : 0.00269058

Final set of parameters            Asymptotic Standard Error
=======================            ==========================

e               = 1.68843          +/- 0.197        (11.67%)
g               = 3.21943          +/- 0.2795       (8.681%)


correlation matrix of the fit parameters:

               e      g      
e               1.000 
g               0.972  1.000 
